

Version:	3.50
CmdLine:	C:\Users\hiel.saraiva\projects\project-eletra-energy-integration\frontend\dist\test.exe --l4j-debug
JNI:		No
WOW64:		Yes
Working dir:	C:\Users\hiel.saraiva\projects\project-eletra-energy-integration\frontend\dist\.
Requires JDK:	No
Requires 64-Bit: No
Java min ver:	
Java max ver:	
Substitute:	JAVA_HOME = C:\Program Files (x86)\Java\jdk1.8.0_51
Substitute:	PATH = C:\Program Files\Maven\apache-maven-3.9.11\bin;C:\Program Files (x86)\Common Files\Oracle\Java\javapath;C:\ProgramData\Oracle\Java\javapath;C:\WINDOWS\system32;C:\WINDOWS;C:\WINDOWS\System32\Wbem;C:\WINDOWS\System32\WindowsPowerShell\v1.0\;C:\WINDOWS\System32\OpenSSH\;C:\Program Files\dotnet\;C:\Program Files\TortoiseGit\bin;C:\Program Files\PowerShell\7\;C:\Program Files (x86)\Java\jdk1.8.0_51\bin;C:\Program Files\PostgreSQL\18\bin;C:\Users\hiel.saraiva\AppData\Local\Microsoft\WindowsApps;C:\Users\hiel.saraiva\AppData\Local\Programs\Microsoft VS Code\bin;C:\Users\hiel.saraiva\AppData\Local\Programs\Git\cmd;C:\Users\hiel.saraiva\AppData\Local\atom\bin;C:\Program Files (x86)\Java\jdk1.8.0_51\bin
JRE paths:	C:\Program Files (x86)\Java\jdk1.8.0_51;C:\Program Files\Maven\apache-maven-3.9.11\bin;C:\Program Files (x86)\Common Files\Oracle\Java\javapath;C:\ProgramData\Oracle\Java\javapath;C:\WINDOWS\system32;C:\WINDOWS;C:\WINDOWS\System32\Wbem;C:\WINDOWS\System32\WindowsPowerShell\v1.0\;C:\WINDOWS\System32\OpenSSH\;C:\Program Files\dotnet\;C:\Program Files\TortoiseGit\bin;C:\Program Files\PowerShell\7\;C:\Program Files (x86)\Java\jdk1.8.0_51\bin;C:\Program Files\PostgreSQL\18\bin;C:\Users\hiel.saraiva\AppData\Local\Microsoft\WindowsApps;C:\Users\hiel.saraiva\AppData\Local\Programs\Microsoft VS Code\bin;C:\Users\hiel.saraiva\AppData\Local\Programs\Git\cmd;C:\Users\hiel.saraiva\AppData\Local\atom\bin;C:\Program Files (x86)\Java\jdk1.8.0_51\bin
Check launcher:	C:\Program Files (x86)\Java\jdk1.8.0_51\bin\javaw.exe (OK)
Version string: 1.008.000_051 / 32-Bit (OK)
Launcher:	C:\Program Files (x86)\Java\jdk1.8.0_51\bin\javaw.exe
Launcher args:	-jar "C:\Users\hiel.saraiva\projects\project-eletra-energy-integration\frontend\dist\test.exe"
Args length:	94/32768 chars
Exit code:	0


Version:	3.50
CmdLine:	C:\Users\hiel.saraiva\projects\project-eletra-energy-integration\frontend\dist\test.exe --l4j-debug
JNI:		No
WOW64:		Yes
Working dir:	C:\Users\hiel.saraiva\projects\project-eletra-energy-integration\frontend\dist\.
Requires JDK:	No
Requires 64-Bit: No
Java min ver:	
Java max ver:	
Substitute:	JAVA_HOME = C:\Program Files (x86)\Java\jdk1.8.0_51
Substitute:	PATH = C:\Program Files\Maven\apache-maven-3.9.11\bin;C:\Program Files (x86)\Common Files\Oracle\Java\javapath;C:\ProgramData\Oracle\Java\javapath;C:\WINDOWS\system32;C:\WINDOWS;C:\WINDOWS\System32\Wbem;C:\WINDOWS\System32\WindowsPowerShell\v1.0\;C:\WINDOWS\System32\OpenSSH\;C:\Program Files\dotnet\;C:\Program Files\TortoiseGit\bin;C:\Program Files\PowerShell\7\;C:\Program Files (x86)\Java\jdk1.8.0_51\bin;C:\Program Files\PostgreSQL\18\bin;C:\Users\hiel.saraiva\AppData\Local\Microsoft\WindowsApps;C:\Users\hiel.saraiva\AppData\Local\Programs\Microsoft VS Code\bin;C:\Users\hiel.saraiva\AppData\Local\Programs\Git\cmd;C:\Users\hiel.saraiva\AppData\Local\atom\bin;C:\Program Files (x86)\Java\jdk1.8.0_51\bin
JRE paths:	C:\Program Files (x86)\Java\jdk1.8.0_51;C:\Program Files\Maven\apache-maven-3.9.11\bin;C:\Program Files (x86)\Common Files\Oracle\Java\javapath;C:\ProgramData\Oracle\Java\javapath;C:\WINDOWS\system32;C:\WINDOWS;C:\WINDOWS\System32\Wbem;C:\WINDOWS\System32\WindowsPowerShell\v1.0\;C:\WINDOWS\System32\OpenSSH\;C:\Program Files\dotnet\;C:\Program Files\TortoiseGit\bin;C:\Program Files\PowerShell\7\;C:\Program Files (x86)\Java\jdk1.8.0_51\bin;C:\Program Files\PostgreSQL\18\bin;C:\Users\hiel.saraiva\AppData\Local\Microsoft\WindowsApps;C:\Users\hiel.saraiva\AppData\Local\Programs\Microsoft VS Code\bin;C:\Users\hiel.saraiva\AppData\Local\Programs\Git\cmd;C:\Users\hiel.saraiva\AppData\Local\atom\bin;C:\Program Files (x86)\Java\jdk1.8.0_51\bin
Check launcher:	C:\Program Files (x86)\Java\jdk1.8.0_51\bin\javaw.exe (OK)
Version string: 1.008.000_051 / 32-Bit (OK)
Launcher:	C:\Program Files (x86)\Java\jdk1.8.0_51\bin\javaw.exe
Launcher args:	-jar "C:\Users\hiel.saraiva\projects\project-eletra-energy-integration\frontend\dist\test.exe"
Args length:	94/32768 chars
Exit code:	0


Version:	3.50
CmdLine:	C:\Users\hiel.saraiva\projects\project-eletra-energy-integration\frontend\dist\test.exe --l4j-debug
JNI:		No
WOW64:		Yes
Working dir:	C:\Users\hiel.saraiva\projects\project-eletra-energy-integration\frontend\dist\.
Requires JDK:	No
Requires 64-Bit: No
Java min ver:	
Java max ver:	
Substitute:	JAVA_HOME = C:\Program Files (x86)\Java\jdk1.8.0_51
Substitute:	PATH = C:\Program Files\Maven\apache-maven-3.9.11\bin;C:\Program Files (x86)\Common Files\Oracle\Java\javapath;C:\ProgramData\Oracle\Java\javapath;C:\WINDOWS\system32;C:\WINDOWS;C:\WINDOWS\System32\Wbem;C:\WINDOWS\System32\WindowsPowerShell\v1.0\;C:\WINDOWS\System32\OpenSSH\;C:\Program Files\dotnet\;C:\Program Files\TortoiseGit\bin;C:\Program Files\PowerShell\7\;C:\Program Files (x86)\Java\jdk1.8.0_51\bin;C:\Program Files\PostgreSQL\18\bin;C:\Users\hiel.saraiva\AppData\Local\Microsoft\WindowsApps;C:\Users\hiel.saraiva\AppData\Local\Programs\Microsoft VS Code\bin;C:\Users\hiel.saraiva\AppData\Local\Programs\Git\cmd;C:\Users\hiel.saraiva\AppData\Local\atom\bin;C:\Program Files (x86)\Java\jdk1.8.0_51\bin
JRE paths:	C:\Program Files (x86)\Java\jdk1.8.0_51;C:\Program Files\Maven\apache-maven-3.9.11\bin;C:\Program Files (x86)\Common Files\Oracle\Java\javapath;C:\ProgramData\Oracle\Java\javapath;C:\WINDOWS\system32;C:\WINDOWS;C:\WINDOWS\System32\Wbem;C:\WINDOWS\System32\WindowsPowerShell\v1.0\;C:\WINDOWS\System32\OpenSSH\;C:\Program Files\dotnet\;C:\Program Files\TortoiseGit\bin;C:\Program Files\PowerShell\7\;C:\Program Files (x86)\Java\jdk1.8.0_51\bin;C:\Program Files\PostgreSQL\18\bin;C:\Users\hiel.saraiva\AppData\Local\Microsoft\WindowsApps;C:\Users\hiel.saraiva\AppData\Local\Programs\Microsoft VS Code\bin;C:\Users\hiel.saraiva\AppData\Local\Programs\Git\cmd;C:\Users\hiel.saraiva\AppData\Local\atom\bin;C:\Program Files (x86)\Java\jdk1.8.0_51\bin
Check launcher:	C:\Program Files (x86)\Java\jdk1.8.0_51\bin\javaw.exe (OK)
Version string: 1.008.000_051 / 32-Bit (OK)
Launcher:	C:\Program Files (x86)\Java\jdk1.8.0_51\bin\javaw.exe
Launcher args:	-jar "C:\Users\hiel.saraiva\projects\project-eletra-energy-integration\frontend\dist\test.exe"
Args length:	94/32768 chars
Exit code:	0


Version:	3.50
CmdLine:	C:\Users\hiel.saraiva\projects\project-eletra-energy-integration\frontend\dist\test.exe --l4j-debug
JNI:		No
WOW64:		Yes
Working dir:	C:\Users\hiel.saraiva\projects\project-eletra-energy-integration\frontend\dist\.
Requires JDK:	No
Requires 64-Bit: No
Java min ver:	
Java max ver:	
Substitute:	JAVA_HOME = C:\Program Files (x86)\Java\jdk1.8.0_51
Substitute:	PATH = C:\Program Files\Maven\apache-maven-3.9.11\bin;C:\Program Files (x86)\Common Files\Oracle\Java\javapath;C:\ProgramData\Oracle\Java\javapath;C:\WINDOWS\system32;C:\WINDOWS;C:\WINDOWS\System32\Wbem;C:\WINDOWS\System32\WindowsPowerShell\v1.0\;C:\WINDOWS\System32\OpenSSH\;C:\Program Files\dotnet\;C:\Program Files\TortoiseGit\bin;C:\Program Files\PowerShell\7\;C:\Program Files (x86)\Java\jdk1.8.0_51\bin;C:\Program Files\PostgreSQL\18\bin;C:\Users\hiel.saraiva\AppData\Local\Microsoft\WindowsApps;C:\Users\hiel.saraiva\AppData\Local\Programs\Microsoft VS Code\bin;C:\Users\hiel.saraiva\AppData\Local\Programs\Git\cmd;C:\Users\hiel.saraiva\AppData\Local\atom\bin;C:\Program Files (x86)\Java\jdk1.8.0_51\bin
JRE paths:	C:\Program Files (x86)\Java\jdk1.8.0_51;C:\Program Files\Maven\apache-maven-3.9.11\bin;C:\Program Files (x86)\Common Files\Oracle\Java\javapath;C:\ProgramData\Oracle\Java\javapath;C:\WINDOWS\system32;C:\WINDOWS;C:\WINDOWS\System32\Wbem;C:\WINDOWS\System32\WindowsPowerShell\v1.0\;C:\WINDOWS\System32\OpenSSH\;C:\Program Files\dotnet\;C:\Program Files\TortoiseGit\bin;C:\Program Files\PowerShell\7\;C:\Program Files (x86)\Java\jdk1.8.0_51\bin;C:\Program Files\PostgreSQL\18\bin;C:\Users\hiel.saraiva\AppData\Local\Microsoft\WindowsApps;C:\Users\hiel.saraiva\AppData\Local\Programs\Microsoft VS Code\bin;C:\Users\hiel.saraiva\AppData\Local\Programs\Git\cmd;C:\Users\hiel.saraiva\AppData\Local\atom\bin;C:\Program Files (x86)\Java\jdk1.8.0_51\bin
Check launcher:	C:\Program Files (x86)\Java\jdk1.8.0_51\bin\javaw.exe (OK)
Version string: 1.008.000_051 / 32-Bit (OK)
Launcher:	C:\Program Files (x86)\Java\jdk1.8.0_51\bin\javaw.exe
Launcher args:	-jar "C:\Users\hiel.saraiva\projects\project-eletra-energy-integration\frontend\dist\test.exe"
Args length:	94/32768 chars
Exit code:	0


Version:	3.50
CmdLine:	C:\Users\hiel.saraiva\projects\project-eletra-energy-integration\frontend\dist\test.exe --l4j-debug
JNI:		No
WOW64:		Yes
Working dir:	C:\Users\hiel.saraiva\projects\project-eletra-energy-integration\frontend\dist\.
Requires JDK:	No
Requires 64-Bit: No
Java min ver:	
Java max ver:	
Substitute:	JAVA_HOME = C:\Program Files (x86)\Java\jdk1.8.0_51
Substitute:	PATH = C:\Program Files\Maven\apache-maven-3.9.11\bin;C:\Program Files (x86)\Common Files\Oracle\Java\javapath;C:\ProgramData\Oracle\Java\javapath;C:\WINDOWS\system32;C:\WINDOWS;C:\WINDOWS\System32\Wbem;C:\WINDOWS\System32\WindowsPowerShell\v1.0\;C:\WINDOWS\System32\OpenSSH\;C:\Program Files\dotnet\;C:\Program Files\TortoiseGit\bin;C:\Program Files\PowerShell\7\;C:\Program Files (x86)\Java\jdk1.8.0_51\bin;C:\Program Files\PostgreSQL\18\bin;C:\Users\hiel.saraiva\AppData\Local\Microsoft\WindowsApps;C:\Users\hiel.saraiva\AppData\Local\Programs\Microsoft VS Code\bin;C:\Users\hiel.saraiva\AppData\Local\Programs\Git\cmd;C:\Users\hiel.saraiva\AppData\Local\atom\bin;C:\Program Files (x86)\Java\jdk1.8.0_51\bin
JRE paths:	C:\Program Files (x86)\Java\jdk1.8.0_51;C:\Program Files\Maven\apache-maven-3.9.11\bin;C:\Program Files (x86)\Common Files\Oracle\Java\javapath;C:\ProgramData\Oracle\Java\javapath;C:\WINDOWS\system32;C:\WINDOWS;C:\WINDOWS\System32\Wbem;C:\WINDOWS\System32\WindowsPowerShell\v1.0\;C:\WINDOWS\System32\OpenSSH\;C:\Program Files\dotnet\;C:\Program Files\TortoiseGit\bin;C:\Program Files\PowerShell\7\;C:\Program Files (x86)\Java\jdk1.8.0_51\bin;C:\Program Files\PostgreSQL\18\bin;C:\Users\hiel.saraiva\AppData\Local\Microsoft\WindowsApps;C:\Users\hiel.saraiva\AppData\Local\Programs\Microsoft VS Code\bin;C:\Users\hiel.saraiva\AppData\Local\Programs\Git\cmd;C:\Users\hiel.saraiva\AppData\Local\atom\bin;C:\Program Files (x86)\Java\jdk1.8.0_51\bin
Check launcher:	C:\Program Files (x86)\Java\jdk1.8.0_51\bin\javaw.exe (OK)
Version string: 1.008.000_051 / 32-Bit (OK)
Launcher:	C:\Program Files (x86)\Java\jdk1.8.0_51\bin\javaw.exe
Launcher args:	-jar "C:\Users\hiel.saraiva\projects\project-eletra-energy-integration\frontend\dist\test.exe"
Args length:	94/32768 chars
Exit code:	0


Version:	3.50
CmdLine:	C:\Users\hiel.saraiva\projects\project-eletra-energy-integration\frontend\dist\test.exe --l4j-debug
JNI:		No
WOW64:		Yes
Working dir:	C:\Users\hiel.saraiva\projects\project-eletra-energy-integration\frontend\dist\.
Requires JDK:	No
Requires 64-Bit: No
Java min ver:	
Java max ver:	
Substitute:	JAVA_HOME = C:\Program Files (x86)\Java\jdk1.8.0_51
Substitute:	PATH = C:\Program Files\Maven\apache-maven-3.9.11\bin;C:\Program Files (x86)\Common Files\Oracle\Java\javapath;C:\ProgramData\Oracle\Java\javapath;C:\WINDOWS\system32;C:\WINDOWS;C:\WINDOWS\System32\Wbem;C:\WINDOWS\System32\WindowsPowerShell\v1.0\;C:\WINDOWS\System32\OpenSSH\;C:\Program Files\dotnet\;C:\Program Files\TortoiseGit\bin;C:\Program Files\PowerShell\7\;C:\Program Files (x86)\Java\jdk1.8.0_51\bin;C:\Program Files\PostgreSQL\18\bin;C:\Users\hiel.saraiva\AppData\Local\Microsoft\WindowsApps;C:\Users\hiel.saraiva\AppData\Local\Programs\Microsoft VS Code\bin;C:\Users\hiel.saraiva\AppData\Local\Programs\Git\cmd;C:\Users\hiel.saraiva\AppData\Local\atom\bin;C:\Program Files (x86)\Java\jdk1.8.0_51\bin
JRE paths:	C:\Program Files (x86)\Java\jdk1.8.0_51;C:\Program Files\Maven\apache-maven-3.9.11\bin;C:\Program Files (x86)\Common Files\Oracle\Java\javapath;C:\ProgramData\Oracle\Java\javapath;C:\WINDOWS\system32;C:\WINDOWS;C:\WINDOWS\System32\Wbem;C:\WINDOWS\System32\WindowsPowerShell\v1.0\;C:\WINDOWS\System32\OpenSSH\;C:\Program Files\dotnet\;C:\Program Files\TortoiseGit\bin;C:\Program Files\PowerShell\7\;C:\Program Files (x86)\Java\jdk1.8.0_51\bin;C:\Program Files\PostgreSQL\18\bin;C:\Users\hiel.saraiva\AppData\Local\Microsoft\WindowsApps;C:\Users\hiel.saraiva\AppData\Local\Programs\Microsoft VS Code\bin;C:\Users\hiel.saraiva\AppData\Local\Programs\Git\cmd;C:\Users\hiel.saraiva\AppData\Local\atom\bin;C:\Program Files (x86)\Java\jdk1.8.0_51\bin
Check launcher:	C:\Program Files (x86)\Java\jdk1.8.0_51\bin\javaw.exe (OK)
Version string: 1.008.000_051 / 32-Bit (OK)
Launcher:	C:\Program Files (x86)\Java\jdk1.8.0_51\bin\javaw.exe
Launcher args:	-jar "C:\Users\hiel.saraiva\projects\project-eletra-energy-integration\frontend\dist\test.exe"
Args length:	94/32768 chars
Exit code:	0


Version:	3.50
CmdLine:	C:\Users\hiel.saraiva\projects\project-eletra-energy-integration\frontend\dist\integration_project.exe --l4j-debug
JNI:		No
WOW64:		Yes
Working dir:	C:\Users\hiel.saraiva\projects\project-eletra-energy-integration\frontend\dist\.
Requires JDK:	No
Requires 64-Bit: No
Java min ver:	
Java max ver:	
Substitute:	JAVA_HOME = C:\Program Files (x86)\Java\jdk1.8.0_51
Substitute:	PATH = C:\Program Files\Maven\apache-maven-3.9.11\bin;C:\Program Files (x86)\Common Files\Oracle\Java\javapath;C:\ProgramData\Oracle\Java\javapath;C:\WINDOWS\system32;C:\WINDOWS;C:\WINDOWS\System32\Wbem;C:\WINDOWS\System32\WindowsPowerShell\v1.0\;C:\WINDOWS\System32\OpenSSH\;C:\Program Files\dotnet\;C:\Program Files\TortoiseGit\bin;C:\Program Files\PowerShell\7\;C:\Program Files (x86)\Java\jdk1.8.0_51\bin;C:\Program Files\PostgreSQL\18\bin;C:\Users\hiel.saraiva\AppData\Local\Microsoft\WindowsApps;C:\Users\hiel.saraiva\AppData\Local\Programs\Microsoft VS Code\bin;C:\Users\hiel.saraiva\AppData\Local\Programs\Git\cmd;C:\Users\hiel.saraiva\AppData\Local\atom\bin;C:\Program Files (x86)\Java\jdk1.8.0_51\bin
JRE paths:	C:\Program Files (x86)\Java\jdk1.8.0_51;C:\Program Files\Maven\apache-maven-3.9.11\bin;C:\Program Files (x86)\Common Files\Oracle\Java\javapath;C:\ProgramData\Oracle\Java\javapath;C:\WINDOWS\system32;C:\WINDOWS;C:\WINDOWS\System32\Wbem;C:\WINDOWS\System32\WindowsPowerShell\v1.0\;C:\WINDOWS\System32\OpenSSH\;C:\Program Files\dotnet\;C:\Program Files\TortoiseGit\bin;C:\Program Files\PowerShell\7\;C:\Program Files (x86)\Java\jdk1.8.0_51\bin;C:\Program Files\PostgreSQL\18\bin;C:\Users\hiel.saraiva\AppData\Local\Microsoft\WindowsApps;C:\Users\hiel.saraiva\AppData\Local\Programs\Microsoft VS Code\bin;C:\Users\hiel.saraiva\AppData\Local\Programs\Git\cmd;C:\Users\hiel.saraiva\AppData\Local\atom\bin;C:\Program Files (x86)\Java\jdk1.8.0_51\bin
Check launcher:	C:\Program Files (x86)\Java\jdk1.8.0_51\bin\javaw.exe (OK)
Version string: 1.008.000_051 / 32-Bit (OK)
Launcher:	C:\Program Files (x86)\Java\jdk1.8.0_51\bin\javaw.exe
Launcher args:	-jar "C:\Users\hiel.saraiva\projects\project-eletra-energy-integration\frontend\dist\integration_project.exe"
Args length:	109/32768 chars
Exit code:	0
